# JRE version: OpenJDK Runtime Environment (11.0.8+10) (build 11.0.8+10-b944.6842174)
# Java VM: OpenJDK 64-Bit Server VM (11.0.8+10-b944.6842174, mixed mode, tiered, compressed oops, g1 gc, windows-amd64)
Heap:
 garbage-first heap   total 134144K, used 47879K [0x00000000c2800000, 0x0000000100000000)
  region size 1024K, 2 young (2048K), 2 survivors (2048K)
 Metaspace       used 58127K, capacity 58696K, committed 58780K, reserved 1101824K
  class space    used 6592K, capacity 6778K, committed 6860K, reserved 1048576K
GC Heap History (20 events):
Event: 2.689 GC heap after
{Heap after GC invocations=5 (full 0):
 garbage-first heap   total 63488K, used 17075K [0x00000000c2800000, 0x0000000100000000)
  region size 1024K, 2 young (2048K), 2 survivors (2048K)
 Metaspace       used 26553K, capacity 26896K, committed 27132K, reserved 1073152K
  class space    used 2846K, capacity 2973K, committed 3072K, reserved 1048576K
}
Event: 3.321 GC heap before
{Heap before GC invocations=5 (full 0):
 garbage-first heap   total 63488K, used 40627K [0x00000000c2800000, 0x0000000100000000)
  region size 1024K, 24 young (24576K), 2 survivors (2048K)
 Metaspace       used 30411K, capacity 30827K, committed 30972K, reserved 1077248K
  class space    used 3612K, capacity 3793K, committed 3840K, reserved 1048576K
}
Event: 3.345 GC heap after
{Heap after GC invocations=6 (full 0):
 garbage-first heap   total 76800K, used 23018K [0x00000000c2800000, 0x0000000100000000)
  region size 1024K, 3 young (3072K), 3 survivors (3072K)
 Metaspace       used 30411K, capacity 30827K, committed 30972K, reserved 1077248K
  class space    used 3612K, capacity 3793K, committed 3840K, reserved 1048576K
}
Event: 3.936 GC heap before
{Heap before GC invocations=6 (full 0):
 garbage-first heap   total 76800K, used 47594K [0x00000000c2800000, 0x0000000100000000)
  region size 1024K, 27 young (27648K), 3 survivors (3072K)
 Metaspace       used 35422K, capacity 35887K, committed 36048K, reserved 1081344K
  class space    used 4176K, capacity 4348K, committed 4352K, reserved 1048576K
}
Event: 3.951 GC heap after
{Heap after GC invocations=7 (full 0):
 garbage-first heap   total 76800K, used 26040K [0x00000000c2800000, 0x0000000100000000)
  region size 1024K, 3 young (3072K), 3 survivors (3072K)
 Metaspace       used 35422K, capacity 35887K, committed 36048K, reserved 1081344K
  class space    used 4176K, capacity 4348K, committed 4352K, reserved 1048576K
}
Event: 3.968 GC heap before
{Heap before GC invocations=7 (full 0):
 garbage-first heap   total 76800K, used 27064K [0x00000000c2800000, 0x0000000100000000)
  region size 1024K, 5 young (5120K), 3 survivors (3072K)
 Metaspace       used 35619K, capacity 36022K, committed 36048K, reserved 1081344K
  class space    used 4185K, capacity 4349K, committed 4352K, reserved 1048576K
}
Event: 3.973 GC heap after
{Heap after GC invocations=8 (full 0):
 garbage-first heap   total 76800K, used 26363K [0x00000000c2800000, 0x0000000100000000)
  region size 1024K, 1 young (1024K), 1 survivors (1024K)
 Metaspace       used 35619K, capacity 36022K, committed 36048K, reserved 1081344K
  class space    used 4185K, capacity 4349K, committed 4352K, reserved 1048576K
}
Event: 4.572 GC heap before
{Heap before GC invocations=9 (full 0):
 garbage-first heap   total 76800K, used 48891K [0x00000000c2800000, 0x0000000100000000)
  region size 1024K, 24 young (24576K), 1 survivors (1024K)
 Metaspace       used 40461K, capacity 40930K, committed 41116K, reserved 1085440K
  class space    used 4843K, capacity 5025K, committed 5068K, reserved 1048576K
}
Event: 4.580 GC heap after
{Heap after GC invocations=10 (full 0):
 garbage-first heap   total 76800K, used 27716K [0x00000000c2800000, 0x0000000100000000)
  region size 1024K, 2 young (2048K), 2 survivors (2048K)
 Metaspace       used 40461K, capacity 40930K, committed 41116K, reserved 1085440K
  class space    used 4843K, capacity 5025K, committed 5068K, reserved 1048576K
}
Event: 5.301 GC heap before
{Heap before GC invocations=10 (full 0):
 garbage-first heap   total 76800K, used 52292K [0x00000000c2800000, 0x0000000100000000)
  region size 1024K, 26 young (26624K), 2 survivors (2048K)
 Metaspace       used 45250K, capacity 45755K, committed 45980K, reserved 1089536K
  class space    used 5381K, capacity 5544K, committed 5580K, reserved 1048576K
}
Event: 5.316 GC heap after
{Heap after GC invocations=11 (full 0):
 garbage-first heap   total 76800K, used 30720K [0x00000000c2800000, 0x0000000100000000)
  region size 1024K, 4 young (4096K), 4 survivors (4096K)
 Metaspace       used 45250K, capacity 45755K, committed 45980K, reserved 1089536K
  class space    used 5381K, capacity 5544K, committed 5580K, reserved 1048576K
}
Event: 5.572 GC heap before
{Heap before GC invocations=11 (full 0):
 garbage-first heap   total 76800K, used 54272K [0x00000000c2800000, 0x0000000100000000)
  region size 1024K, 28 young (28672K), 4 survivors (4096K)
 Metaspace       used 45870K, capacity 46373K, committed 46620K, reserved 1089536K
  class space    used 5402K, capacity 5577K, committed 5708K, reserved 1048576K
}
Event: 5.588 GC heap after
{Heap after GC invocations=12 (full 0):
 garbage-first heap   total 94208K, used 32488K [0x00000000c2800000, 0x0000000100000000)
  region size 1024K, 2 young (2048K), 2 survivors (2048K)
 Metaspace       used 45870K, capacity 46373K, committed 46620K, reserved 1089536K
  class space    used 5402K, capacity 5577K, committed 5708K, reserved 1048576K
}
Event: 6.554 GC heap before
{Heap before GC invocations=12 (full 0):
 garbage-first heap   total 94208K, used 61160K [0x00000000c2800000, 0x0000000100000000)
  region size 1024K, 30 young (30720K), 2 survivors (2048K)
 Metaspace       used 48644K, capacity 49158K, committed 49308K, reserved 1093632K
  class space    used 5607K, capacity 5777K, committed 5836K, reserved 1048576K
}
Event: 6.581 GC heap after
{Heap after GC invocations=13 (full 0):
 garbage-first heap   total 94208K, used 37500K [0x00000000c2800000, 0x0000000100000000)
  region size 1024K, 4 young (4096K), 4 survivors (4096K)
 Metaspace       used 48644K, capacity 49158K, committed 49308K, reserved 1093632K
  class space    used 5607K, capacity 5777K, committed 5836K, reserved 1048576K
}
Event: 7.296 GC heap before
{Heap before GC invocations=13 (full 0):
 garbage-first heap   total 94208K, used 65148K [0x00000000c2800000, 0x0000000100000000)
  region size 1024K, 31 young (31744K), 4 survivors (4096K)
 Metaspace       used 49975K, capacity 50438K, committed 50716K, reserved 1093632K
  class space    used 5712K, capacity 5884K, committed 5964K, reserved 1048576K
}
Event: 7.331 GC heap after
{Heap after GC invocations=14 (full 0):
 garbage-first heap   total 94208K, used 42224K [0x00000000c2800000, 0x0000000100000000)
  region size 1024K, 4 young (4096K), 4 survivors (4096K)
 Metaspace       used 49975K, capacity 50438K, committed 50716K, reserved 1093632K
  class space    used 5712K, capacity 5884K, committed 5964K, reserved 1048576K
}
Event: 8.117 GC heap before
{Heap before GC invocations=14 (full 0):
 garbage-first heap   total 94208K, used 68848K [0x00000000c2800000, 0x0000000100000000)
  region size 1024K, 30 young (30720K), 4 survivors (4096K)
 Metaspace       used 52962K, capacity 53549K, committed 53660K, reserved 1097728K
  class space    used 6050K, capacity 6258K, committed 6348K, reserved 1048576K
}
Event: 8.148 GC heap after
{Heap after GC invocations=15 (full 0):
 garbage-first heap   total 94208K, used 46234K [0x00000000c2800000, 0x0000000100000000)
  region size 1024K, 4 young (4096K), 4 survivors (4096K)
 Metaspace       used 52962K, capacity 53549K, committed 53660K, reserved 1097728K
  class space    used 6050K, capacity 6258K, committed 6348K, reserved 1048576K
}
Event: 9.107 GC heap before
{Heap before GC invocations=15 (full 0):
 garbage-first heap   total 94208K, used 69786K [0x00000000c2800000, 0x0000000100000000)
  region size 1024K, 28 young (28672K), 4 survivors (4096K)
 Metaspace       used 58127K, capacity 58696K, committed 58780K, reserved 1101824K
  class space    used 6592K, capacity 6778K, committed 6860K, reserved 1048576K
}

