# JRE version: OpenJDK Runtime Environment (11.0.8+10) (build 11.0.8+10-b944.6842174)
# Java VM: OpenJDK 64-Bit Server VM (11.0.8+10-b944.6842174, mixed mode, tiered, compressed oops, g1 gc, windows-amd64)
Heap:
 garbage-first heap   total 124928K, used 51991K [0x00000000c2800000, 0x0000000100000000)
  region size 1024K, 5 young (5120K), 2 survivors (2048K)
 Metaspace       used 59227K, capacity 59788K, committed 60060K, reserved 1101824K
  class space    used 6635K, capacity 6843K, committed 6860K, reserved 1048576K
GC Heap History (20 events):
Event: 2.420 GC heap before
{Heap before GC invocations=4 (full 0):
 garbage-first heap   total 63488K, used 37191K [0x00000000c2800000, 0x0000000100000000)
  region size 1024K, 23 young (23552K), 1 survivors (1024K)
 Metaspace       used 26581K, capacity 26960K, committed 27132K, reserved 1073152K
  class space    used 2846K, capacity 2973K, committed 3072K, reserved 1048576K
}
Event: 2.426 GC heap after
{Heap after GC invocations=5 (full 0):
 garbage-first heap   total 63488K, used 17157K [0x00000000c2800000, 0x0000000100000000)
  region size 1024K, 3 young (3072K), 3 survivors (3072K)
 Metaspace       used 26581K, capacity 26960K, committed 27132K, reserved 1073152K
  class space    used 2846K, capacity 2973K, committed 3072K, reserved 1048576K
}
Event: 3.081 GC heap before
{Heap before GC invocations=5 (full 0):
 garbage-first heap   total 63488K, used 41733K [0x00000000c2800000, 0x0000000100000000)
  region size 1024K, 25 young (25600K), 3 survivors (3072K)
 Metaspace       used 30451K, capacity 30891K, committed 30972K, reserved 1077248K
  class space    used 3612K, capacity 3793K, committed 3840K, reserved 1048576K
}
Event: 3.105 GC heap after
{Heap after GC invocations=6 (full 0):
 garbage-first heap   total 76800K, used 23026K [0x00000000c2800000, 0x0000000100000000)
  region size 1024K, 4 young (4096K), 4 survivors (4096K)
 Metaspace       used 30451K, capacity 30891K, committed 30972K, reserved 1077248K
  class space    used 3612K, capacity 3793K, committed 3840K, reserved 1048576K
}
Event: 3.808 GC heap before
{Heap before GC invocations=6 (full 0):
 garbage-first heap   total 76800K, used 47602K [0x00000000c2800000, 0x0000000100000000)
  region size 1024K, 29 young (29696K), 4 survivors (4096K)
 Metaspace       used 35628K, capacity 36022K, committed 36048K, reserved 1081344K
  class space    used 4184K, capacity 4349K, committed 4352K, reserved 1048576K
}
Event: 3.827 GC heap after
{Heap after GC invocations=7 (full 0):
 garbage-first heap   total 76800K, used 25900K [0x00000000c2800000, 0x0000000100000000)
  region size 1024K, 3 young (3072K), 3 survivors (3072K)
 Metaspace       used 35628K, capacity 36022K, committed 36048K, reserved 1081344K
  class space    used 4184K, capacity 4349K, committed 4352K, reserved 1048576K
}
Event: 4.470 GC heap before
{Heap before GC invocations=8 (full 0):
 garbage-first heap   total 76800K, used 50476K [0x00000000c2800000, 0x0000000100000000)
  region size 1024K, 28 young (28672K), 3 survivors (3072K)
 Metaspace       used 41405K, capacity 41847K, committed 42012K, reserved 1085440K
  class space    used 4933K, capacity 5096K, committed 5196K, reserved 1048576K
}
Event: 4.481 GC heap after
{Heap after GC invocations=9 (full 0):
 garbage-first heap   total 76800K, used 28227K [0x00000000c2800000, 0x0000000100000000)
  region size 1024K, 3 young (3072K), 3 survivors (3072K)
 Metaspace       used 41405K, capacity 41847K, committed 42012K, reserved 1085440K
  class space    used 4933K, capacity 5096K, committed 5196K, reserved 1048576K
}
Event: 5.264 GC heap before
{Heap before GC invocations=9 (full 0):
 garbage-first heap   total 76800K, used 53827K [0x00000000c2800000, 0x0000000100000000)
  region size 1024K, 28 young (28672K), 3 survivors (3072K)
 Metaspace       used 45371K, capacity 45823K, committed 45980K, reserved 1089536K
  class space    used 5381K, capacity 5544K, committed 5580K, reserved 1048576K
}
Event: 5.281 GC heap after
{Heap after GC invocations=10 (full 0):
 garbage-first heap   total 76800K, used 31744K [0x00000000c2800000, 0x0000000100000000)
  region size 1024K, 4 young (4096K), 4 survivors (4096K)
 Metaspace       used 45371K, capacity 45823K, committed 45980K, reserved 1089536K
  class space    used 5381K, capacity 5544K, committed 5580K, reserved 1048576K
}
Event: 5.641 GC heap before
{Heap before GC invocations=10 (full 0):
 garbage-first heap   total 76800K, used 56320K [0x00000000c2800000, 0x0000000100000000)
  region size 1024K, 28 young (28672K), 4 survivors (4096K)
 Metaspace       used 46020K, capacity 46502K, committed 46876K, reserved 1091584K
  class space    used 5410K, capacity 5577K, committed 5708K, reserved 1048576K
}
Event: 5.659 GC heap after
{Heap after GC invocations=11 (full 0):
 garbage-first heap   total 97280K, used 34141K [0x00000000c2800000, 0x0000000100000000)
  region size 1024K, 3 young (3072K), 3 survivors (3072K)
 Metaspace       used 46020K, capacity 46502K, committed 46876K, reserved 1091584K
  class space    used 5410K, capacity 5577K, committed 5708K, reserved 1048576K
}
Event: 7.389 GC heap before
{Heap before GC invocations=11 (full 0):
 garbage-first heap   total 97280K, used 64861K [0x00000000c2800000, 0x0000000100000000)
  region size 1024K, 33 young (33792K), 3 survivors (3072K)
 Metaspace       used 48924K, capacity 49415K, committed 49564K, reserved 1093632K
  class space    used 5607K, capacity 5777K, committed 5836K, reserved 1048576K
}
Event: 7.413 GC heap after
{Heap after GC invocations=12 (full 0):
 garbage-first heap   total 97280K, used 39576K [0x00000000c2800000, 0x0000000100000000)
  region size 1024K, 5 young (5120K), 5 survivors (5120K)
 Metaspace       used 48924K, capacity 49415K, committed 49564K, reserved 1093632K
  class space    used 5607K, capacity 5777K, committed 5836K, reserved 1048576K
}
Event: 8.350 GC heap before
{Heap before GC invocations=12 (full 0):
 garbage-first heap   total 97280K, used 68248K [0x00000000c2800000, 0x0000000100000000)
  region size 1024K, 33 young (33792K), 5 survivors (5120K)
 Metaspace       used 51502K, capacity 52006K, committed 52252K, reserved 1095680K
  class space    used 5889K, capacity 6088K, committed 6220K, reserved 1048576K
}
Event: 8.383 GC heap after
{Heap after GC invocations=13 (full 0):
 garbage-first heap   total 97280K, used 43743K [0x00000000c2800000, 0x0000000100000000)
  region size 1024K, 4 young (4096K), 4 survivors (4096K)
 Metaspace       used 51502K, capacity 52006K, committed 52252K, reserved 1095680K
  class space    used 5889K, capacity 6088K, committed 6220K, reserved 1048576K
}
Event: 9.682 GC heap before
{Heap before GC invocations=13 (full 0):
 garbage-first heap   total 97280K, used 71391K [0x00000000c2800000, 0x0000000100000000)
  region size 1024K, 31 young (31744K), 4 survivors (4096K)
 Metaspace       used 54944K, capacity 55522K, committed 55580K, reserved 1097728K
  class space    used 6232K, capacity 6424K, committed 6476K, reserved 1048576K
}
Event: 9.714 GC heap after
{Heap after GC invocations=14 (full 0):
 garbage-first heap   total 97280K, used 47761K [0x00000000c2800000, 0x0000000100000000)
  region size 1024K, 4 young (4096K), 4 survivors (4096K)
 Metaspace       used 54944K, capacity 55522K, committed 55580K, reserved 1097728K
  class space    used 6232K, capacity 6424K, committed 6476K, reserved 1048576K
}
Event: 10.765 GC heap before
{Heap before GC invocations=14 (full 0):
 garbage-first heap   total 97280K, used 74385K [0x00000000c2800000, 0x0000000100000000)
  region size 1024K, 30 young (30720K), 4 survivors (4096K)
 Metaspace       used 58542K, capacity 59116K, committed 59292K, reserved 1101824K
  class space    used 6599K, capacity 6811K, committed 6860K, reserved 1048576K
}
Event: 10.798 GC heap after
{Heap after GC invocations=15 (full 0):
 garbage-first heap   total 124928K, used 49943K [0x00000000c2800000, 0x0000000100000000)
  region size 1024K, 2 young (2048K), 2 survivors (2048K)
 Metaspace       used 58542K, capacity 59116K, committed 59292K, reserved 1101824K
  class space    used 6599K, capacity 6811K, committed 6860K, reserved 1048576K
}

