# JRE version: OpenJDK Runtime Environment (11.0.8+10) (build 11.0.8+10-b944.6842174)
# Java VM: OpenJDK 64-Bit Server VM (11.0.8+10-b944.6842174, mixed mode, tiered, compressed oops, g1 gc, windows-amd64)
Heap:
 garbage-first heap   total 92160K, used 69648K [0x00000000c2800000, 0x0000000100000000)
  region size 1024K, 24 young (24576K), 2 survivors (2048K)
 Metaspace       used 58579K, capacity 59116K, committed 59292K, reserved 1101824K
  class space    used 6601K, capacity 6811K, committed 6860K, reserved 1048576K
GC Heap History (20 events):
Event: 5.421 GC heap before
{Heap before GC invocations=5 (full 0):
 garbage-first heap   total 63488K, used 40631K [0x00000000c2800000, 0x0000000100000000)
  region size 1024K, 24 young (24576K), 2 survivors (2048K)
 Metaspace       used 30529K, capacity 31019K, committed 31228K, reserved 1077248K
  class space    used 3617K, capacity 3793K, committed 3840K, reserved 1048576K
}
Event: 5.444 GC heap after
{Heap after GC invocations=6 (full 0):
 garbage-first heap   total 63488K, used 23010K [0x00000000c2800000, 0x0000000100000000)
  region size 1024K, 3 young (3072K), 3 survivors (3072K)
 Metaspace       used 30529K, capacity 31019K, committed 31228K, reserved 1077248K
  class space    used 3617K, capacity 3793K, committed 3840K, reserved 1048576K
}
Event: 6.245 GC heap before
{Heap before GC invocations=6 (full 0):
 garbage-first heap   total 63488K, used 42466K [0x00000000c2800000, 0x0000000100000000)
  region size 1024K, 22 young (22528K), 3 survivors (3072K)
 Metaspace       used 34699K, capacity 35146K, committed 35324K, reserved 1081344K
  class space    used 4080K, capacity 4251K, committed 4352K, reserved 1048576K
}
Event: 6.264 GC heap after
{Heap after GC invocations=7 (full 0):
 garbage-first heap   total 76800K, used 25190K [0x00000000c2800000, 0x0000000100000000)
  region size 1024K, 2 young (2048K), 2 survivors (2048K)
 Metaspace       used 34699K, capacity 35146K, committed 35324K, reserved 1081344K
  class space    used 4080K, capacity 4251K, committed 4352K, reserved 1048576K
}
Event: 6.409 GC heap before
{Heap before GC invocations=7 (full 0):
 garbage-first heap   total 76800K, used 29286K [0x00000000c2800000, 0x0000000100000000)
  region size 1024K, 7 young (7168K), 2 survivors (2048K)
 Metaspace       used 35637K, capacity 36023K, committed 36048K, reserved 1081344K
  class space    used 4181K, capacity 4349K, committed 4352K, reserved 1048576K
}
Event: 6.418 GC heap after
{Heap after GC invocations=8 (full 0):
 garbage-first heap   total 76800K, used 25799K [0x00000000c2800000, 0x0000000100000000)
  region size 1024K, 3 young (3072K), 3 survivors (3072K)
 Metaspace       used 35637K, capacity 36023K, committed 36048K, reserved 1081344K
  class space    used 4181K, capacity 4349K, committed 4352K, reserved 1048576K
}
Event: 7.494 GC heap before
{Heap before GC invocations=9 (full 0):
 garbage-first heap   total 76800K, used 45255K [0x00000000c2800000, 0x0000000100000000)
  region size 1024K, 23 young (23552K), 3 survivors (3072K)
 Metaspace       used 39724K, capacity 40221K, committed 40476K, reserved 1085440K
  class space    used 4710K, capacity 4895K, committed 4940K, reserved 1048576K
}
Event: 7.514 GC heap after
{Heap after GC invocations=10 (full 0):
 garbage-first heap   total 76800K, used 27275K [0x00000000c2800000, 0x0000000100000000)
  region size 1024K, 3 young (3072K), 3 survivors (3072K)
 Metaspace       used 39724K, capacity 40221K, committed 40476K, reserved 1085440K
  class space    used 4710K, capacity 4895K, committed 4940K, reserved 1048576K
}
Event: 10.781 GC heap before
{Heap before GC invocations=11 (full 0):
 garbage-first heap   total 76800K, used 48779K [0x00000000c2800000, 0x0000000100000000)
  region size 1024K, 24 young (24576K), 3 survivors (3072K)
 Metaspace       used 45136K, capacity 45593K, committed 45724K, reserved 1089536K
  class space    used 5342K, capacity 5511K, committed 5580K, reserved 1048576K
}
Event: 10.799 GC heap after
{Heap after GC invocations=12 (full 0):
 garbage-first heap   total 76800K, used 29122K [0x00000000c2800000, 0x0000000100000000)
  region size 1024K, 3 young (3072K), 3 survivors (3072K)
 Metaspace       used 45136K, capacity 45593K, committed 45724K, reserved 1089536K
  class space    used 5342K, capacity 5511K, committed 5580K, reserved 1048576K
}
Event: 11.197 GC heap before
{Heap before GC invocations=12 (full 0):
 garbage-first heap   total 76800K, used 52674K [0x00000000c2800000, 0x0000000100000000)
  region size 1024K, 25 young (25600K), 3 survivors (3072K)
 Metaspace       used 45680K, capacity 46144K, committed 46492K, reserved 1089536K
  class space    used 5381K, capacity 5544K, committed 5580K, reserved 1048576K
}
Event: 11.214 GC heap after
{Heap after GC invocations=13 (full 0):
 garbage-first heap   total 76800K, used 31602K [0x00000000c2800000, 0x0000000100000000)
  region size 1024K, 4 young (4096K), 4 survivors (4096K)
 Metaspace       used 45680K, capacity 46144K, committed 46492K, reserved 1089536K
  class space    used 5381K, capacity 5544K, committed 5580K, reserved 1048576K
}
Event: 12.178 GC heap before
{Heap before GC invocations=13 (full 0):
 garbage-first heap   total 76800K, used 53106K [0x00000000c2800000, 0x0000000100000000)
  region size 1024K, 25 young (25600K), 4 survivors (4096K)
 Metaspace       used 47600K, capacity 48098K, committed 48284K, reserved 1091584K
  class space    used 5551K, capacity 5743K, committed 5836K, reserved 1048576K
}
Event: 12.205 GC heap after
{Heap after GC invocations=14 (full 0):
 garbage-first heap   total 92160K, used 34799K [0x00000000c2800000, 0x0000000100000000)
  region size 1024K, 4 young (4096K), 4 survivors (4096K)
 Metaspace       used 47600K, capacity 48098K, committed 48284K, reserved 1091584K
  class space    used 5551K, capacity 5743K, committed 5836K, reserved 1048576K
}
Event: 14.174 GC heap before
{Heap before GC invocations=14 (full 0):
 garbage-first heap   total 92160K, used 61423K [0x00000000c2800000, 0x0000000100000000)
  region size 1024K, 30 young (30720K), 4 survivors (4096K)
 Metaspace       used 49087K, capacity 49544K, committed 49820K, reserved 1093632K
  class space    used 5608K, capacity 5777K, committed 5836K, reserved 1048576K
}
Event: 14.212 GC heap after
{Heap after GC invocations=15 (full 0):
 garbage-first heap   total 92160K, used 39472K [0x00000000c2800000, 0x0000000100000000)
  region size 1024K, 4 young (4096K), 4 survivors (4096K)
 Metaspace       used 49087K, capacity 49544K, committed 49820K, reserved 1093632K
  class space    used 5608K, capacity 5777K, committed 5836K, reserved 1048576K
}
Event: 15.662 GC heap before
{Heap before GC invocations=15 (full 0):
 garbage-first heap   total 92160K, used 64048K [0x00000000c2800000, 0x0000000100000000)
  region size 1024K, 29 young (29696K), 4 survivors (4096K)
 Metaspace       used 51644K, capacity 52200K, committed 52508K, reserved 1095680K
  class space    used 5891K, capacity 6088K, committed 6220K, reserved 1048576K
}
Event: 15.699 GC heap after
{Heap after GC invocations=16 (full 0):
 garbage-first heap   total 92160K, used 43400K [0x00000000c2800000, 0x0000000100000000)
  region size 1024K, 4 young (4096K), 4 survivors (4096K)
 Metaspace       used 51644K, capacity 52200K, committed 52508K, reserved 1095680K
  class space    used 5891K, capacity 6088K, committed 6220K, reserved 1048576K
}
Event: 17.080 GC heap before
{Heap before GC invocations=16 (full 0):
 garbage-first heap   total 92160K, used 67976K [0x00000000c2800000, 0x0000000100000000)
  region size 1024K, 28 young (28672K), 4 survivors (4096K)
 Metaspace       used 54941K, capacity 55458K, committed 55580K, reserved 1097728K
  class space    used 6221K, capacity 6424K, committed 6476K, reserved 1048576K
}
Event: 17.101 GC heap after
{Heap after GC invocations=17 (full 0):
 garbage-first heap   total 92160K, used 47120K [0x00000000c2800000, 0x0000000100000000)
  region size 1024K, 4 young (4096K), 4 survivors (4096K)
 Metaspace       used 54941K, capacity 55458K, committed 55580K, reserved 1097728K
  class space    used 6221K, capacity 6424K, committed 6476K, reserved 1048576K
}

